[debug] [2023-08-22T23:07:06.804Z] ----------------------------------------------------------------------
[debug] [2023-08-22T23:07:06.810Z] Command:       C:\Program Files\nodejs\node.exe C:\Users\K&k ESOTERIC WORLD\AppData\Roaming\npm\node_modules\firebase-tools\lib\bin\firebase.js init
[debug] [2023-08-22T23:07:06.811Z] CLI Version:   12.4.6
[debug] [2023-08-22T23:07:06.812Z] Platform:      win32
[debug] [2023-08-22T23:07:06.813Z] Node Version:  v18.17.0
[debug] [2023-08-22T23:07:06.815Z] Time:          Wed Aug 23 2023 00:07:06 GMT+0100 (West Africa Standard Time)
[debug] [2023-08-22T23:07:06.815Z] ----------------------------------------------------------------------
[debug] 
[debug] [2023-08-22T23:07:06.905Z] >>> [apiv2][query] GET https://firebase-public.firebaseio.com/cli.json [none]
[debug] [2023-08-22T23:07:07.273Z] > command requires scopes: ["email","openid","https://www.googleapis.com/auth/cloudplatformprojects.readonly","https://www.googleapis.com/auth/firebase","https://www.googleapis.com/auth/cloud-platform"]
[debug] [2023-08-22T23:07:07.274Z] > authorizing via signed-in user (kayveengee@gmail.com)
[info] 
     ######## #### ########  ######## ########     ###     ######  ########
     ##        ##  ##     ## ##       ##     ##  ##   ##  ##       ##
     ######    ##  ########  ######   ########  #########  ######  ######
     ##        ##  ##    ##  ##       ##     ## ##     ##       ## ##
     ##       #### ##     ## ######## ########  ##     ##  ######  ########

You're about to initialize a Firebase project in this directory:

  C:\FrameW\netflix-react\netflix-w-react

Before we get started, keep in mind:

  * You are currently outside your home directory
  * You are initializing within an existing Firebase project directory

[debug] [2023-08-22T23:07:08.105Z] <<< [apiv2][status] GET https://firebase-public.firebaseio.com/cli.json 200
[debug] [2023-08-22T23:07:08.107Z] <<< [apiv2][body] GET https://firebase-public.firebaseio.com/cli.json {"cloudBuildErrorAfter":1594252800000,"cloudBuildWarnAfter":1590019200000,"defaultNode10After":1594252800000,"minVersion":"3.0.5","node8DeploysDisabledAfter":1613390400000,"node8RuntimeDisabledAfter":1615809600000,"node8WarnAfter":1600128000000}
